<?xml version="1.0" encoding="UTF-8"?>
<testsuite xmlns:xsi="http://www.w3.org/2001/XMLSchema-instance" xsi:noNamespaceSchemaLocation="https://maven.apache.org/surefire/maven-surefire-plugin/xsd/surefire-test-report-3.0.xsd" version="3.0" name="TestSuite" time="69.522" tests="1" errors="0" skipped="0" failures="0">
  <properties>
[...]
</properties>
  <testcase name="runScenario[&quot;Filter cars and submit invalid contact details&quot;, &quot;Mercedes-Benz Shop interaction&quot;](1)" classname="runner.CucumberTestRunner" time="68.976">
    <system-out><![CDATA[
Scenario: Filter cars and submit invalid contact details                     &amp#27;[90m# src/test/resources/features/TC1_EnquirePrices.feature:3&amp#27;[0m
  &amp#27;[32mGiven &amp#27;[0m&amp#27;[32mI open the Mercedes-Benz Shop used cars in Australia&amp#27;[0m                 &amp#27;[90m# steps.TC1_EnquirePricesSteps.goToMercedesBenzShop()&amp#27;[0m
  &amp#27;[32mAnd &amp#27;[0m&amp#27;[32mI fill in the location details with:&amp#27;[0m                                   &amp#27;[90m# steps.TC1_EnquirePricesSteps.fillInTheLocationDetails(io.cucumber.datatable.DataTable)&amp#27;[0m
    | State       | New South Wales |
    | Postal Code | 2007            |
    | Purpose     | Private         |
  &amp#27;[32mWhen &amp#27;[0m&amp#27;[32mI click the filter button&amp#27;[0m                                             &amp#27;[90m# steps.TC1_EnquirePricesSteps.clickFilterButton()&amp#27;[0m
  &amp#27;[32mAnd &amp#27;[0m&amp#27;[32mI apply the following filters:&amp#27;[0m                                         &amp#27;[90m# steps.TC1_EnquirePricesSteps.applyFilters(io.cucumber.datatable.DataTable)&amp#27;[0m
    | Color | Red |
  &amp#27;[32mThen &amp#27;[0m&amp#27;[32mI sort by the most expensive cars first&amp#27;[0m                               &amp#27;[90m# steps.TC1_EnquirePricesSteps.SortByMostExpensiveCar(io.cucumber.datatable.DataTable)&amp#27;[0m
    | Sorting | Price: High to Low |
  &amp#27;[32mWhen &amp#27;[0m&amp#27;[32mI navigate to Vehicle Details page&amp#27;[0m                                    &amp#27;[90m# steps.TC1_EnquirePricesSteps.navigateToVehicleDetailsPage()&amp#27;[0m
26492080******
2023
  &amp#27;[32mThen &amp#27;[0m&amp#27;[32mI can save the following vehicle details to a file&amp#27;[0m                    &amp#27;[90m# steps.TC1_EnquirePricesSteps.CanSaveTheFollowingVehicleDetailsPage()&amp#27;[0m
  &amp#27;[32mWhen &amp#27;[0m&amp#27;[32mI click enquire now&amp#27;[0m                                                   &amp#27;[90m# steps.TC1_EnquirePricesSteps.ClickEnquireNow()&amp#27;[0m
  &amp#27;[32mAnd &amp#27;[0m&amp#27;[32mI fill the contact details and Account creation form with invalid data&amp#27;[0m &amp#27;[90m# steps.TC1_EnquirePricesSteps.fillTheContactDetails(io.cucumber.datatable.DataTable)&amp#27;[0m
    | First Name    | John         |
    | Last Name     | Doe          |
    | Postcode      | 2000         |
    | Mobile Number | +61412345678 |
    | E-mail        | 123@123      |
  &amp#27;[32mThen &amp#27;[0m&amp#27;[32mI can´t proceed because one or more details are incorrect&amp#27;[0m             &amp#27;[90m# steps.TC1_EnquirePricesSteps.receiveAMessageThatOneOrMoreFieldsAreIncorrect()&amp#27;[0m
]]></system-out>
    <system-err><![CDATA[ERROR StatusLogger Log4j2 could not find a logging implementation. Please add log4j-core to the classpath. Using SimpleLogger to log to the console...
out. 16, 2024 1:55:20 DA TARDE org.openqa.selenium.devtools.CdpVersionFinder findNearestMatch
WARNING: Unable to find CDP implementation matching 129
out. 16, 2024 1:55:20 DA TARDE org.openqa.selenium.chromium.ChromiumDriver lambda$new$5
WARNING: Unable to find version of CDP to use for 129.0.6668.103. You may need to include a dependency on a specific version of the CDP using something similar to `org.seleniumhq.selenium:selenium-devtools-v86:4.16.1` where the version ("v86") matches the version of the chromium-based browser you're using and the version number of the artifact is the same as Selenium's.
]]></system-err>
  </testcase>
</testsuite>