<?xml version="1.0" encoding="UTF-8"?>
<testsuite xmlns:xsi="http://www.w3.org/2001/XMLSchema-instance" xsi:noNamespaceSchemaLocation="https://maven.apache.org/surefire/maven-surefire-plugin/xsd/surefire-test-report-3.0.xsd" version="3.0" name="TestSuite" time="33.62" tests="1" errors="0" skipped="0" failures="1">
  <properties>
[...]
</properties>
  <testcase name="runScenario[&quot;Filter cars and submit invalid contact details&quot;, &quot;Mercedes-Benz Shop interaction&quot;](1)" classname="runner.CucumberTestRunner" time="32.836">
    <failure message="Expected condition failed: waiting for utils.WaitHelper$$Lambda/0x00000220e045ce60@78d8bcb4 (tried for 10 second(s) with 500 milliseconds interval)" type="org.openqa.selenium.TimeoutException"><![CDATA[org.openqa.selenium.TimeoutException: Expected condition failed: waiting for utils.WaitHelper$$Lambda/0x00000220e045ce60@78d8bcb4 (tried for 10 second(s) with 500 milliseconds interval)
	at org.openqa.selenium.support.ui.WebDriverWait.timeoutException(WebDriverWait.java:84)
	at org.openqa.selenium.support.ui.FluentWait.until(FluentWait.java:229)
	at utils.WaitHelper.waitForPageLoad(WaitHelper.java:36)
	at pages.base.BasePage.findNestedShadowDom(BasePage.java:47)
	at pages.popups.PrivacyPolicyPopup.AcceptPrivacyPolicyPopup(PrivacyPolicyPopup.java:19)
	at pages.VehicleSearchPage.clickAcceptPrivacyPolicy(VehicleSearchPage.java:51)
	at steps.TC1_EnquirePricesSteps.applyFilters(TC1_EnquirePricesSteps.java:65)
	at ✽.I apply the following filters:(file:///C:/Users/diogo/IdeaProjects/MercedesChallenge/src/test/resources/features/TC1_EnquirePrices.feature:10)
Caused by: org.openqa.selenium.NoSuchWindowException: no such window: target window already closed
from unknown error: web view not found
  (Session info: chrome=129.0.6668.103)
Build info: version: '4.16.1', revision: '9b4c83354e'
System info: os.name: 'Windows 11', os.arch: 'amd64', os.version: '10.0', java.version: '23'
Driver info: org.openqa.selenium.chrome.ChromeDriver
Command: [94f2c1342f91020cff138f7e9cb2d03d, executeScript {script=return document.readyState, args=[]}]
Capabilities {acceptInsecureCerts: false, browserName: chrome, browserVersion: 129.0.6668.103, chrome: {chromedriverVersion: 129.0.6668.100 (cf58cba358d..., userDataDir: C:\Users\diogo\AppData\Loca...}, fedcm:accounts: true, goog:chromeOptions: {debuggerAddress: localhost:61071}, networkConnectionEnabled: false, pageLoadStrategy: normal, platformName: windows, proxy: Proxy(), se:cdp: ws://localhost:61071/devtoo..., se:cdpVersion: 129.0.6668.103, setWindowRect: true, strictFileInteractability: false, timeouts: {implicit: 0, pageLoad: 300000, script: 30000}, unhandledPromptBehavior: dismiss and notify, webauthn:extension:credBlob: true, webauthn:extension:largeBlob: true, webauthn:extension:minPinLength: true, webauthn:extension:prf: true, webauthn:virtualAuthenticators: true}
Session ID: 94f2c1342f91020cff138f7e9cb2d03d
	at java.base/jdk.internal.reflect.DirectConstructorHandleAccessor.newInstance(DirectConstructorHandleAccessor.java:62)
	at java.base/java.lang.reflect.Constructor.newInstanceWithCaller(Constructor.java:501)
	at java.base/java.lang.reflect.Constructor.newInstance(Constructor.java:485)
	at org.openqa.selenium.remote.codec.w3c.W3CHttpResponseCodec.createException(W3CHttpResponseCodec.java:200)
	at org.openqa.selenium.remote.codec.w3c.W3CHttpResponseCodec.decode(W3CHttpResponseCodec.java:133)
	at org.openqa.selenium.remote.codec.w3c.W3CHttpResponseCodec.decode(W3CHttpResponseCodec.java:52)
	at org.openqa.selenium.remote.HttpCommandExecutor.execute(HttpCommandExecutor.java:191)
	at org.openqa.selenium.remote.service.DriverCommandExecutor.invokeExecute(DriverCommandExecutor.java:200)
	at org.openqa.selenium.remote.service.DriverCommandExecutor.execute(DriverCommandExecutor.java:175)
	at org.openqa.selenium.remote.RemoteWebDriver.execute(RemoteWebDriver.java:523)
	at org.openqa.selenium.remote.RemoteWebDriver.executeScript(RemoteWebDriver.java:468)
	at utils.WaitHelper.lambda$waitForPageLoad$0(WaitHelper.java:36)
	at org.openqa.selenium.support.ui.FluentWait.until(FluentWait.java:204)
	at utils.WaitHelper.waitForPageLoad(WaitHelper.java:36)
	at pages.base.BasePage.findNestedShadowDom(BasePage.java:47)
	at pages.popups.PrivacyPolicyPopup.AcceptPrivacyPolicyPopup(PrivacyPolicyPopup.java:19)
	at pages.VehicleSearchPage.clickAcceptPrivacyPolicy(VehicleSearchPage.java:51)
	at steps.TC1_EnquirePricesSteps.applyFilters(TC1_EnquirePricesSteps.java:65)
	at java.base/jdk.internal.reflect.DirectMethodHandleAccessor.invoke(DirectMethodHandleAccessor.java:103)
	at java.base/java.lang.reflect.Method.invoke(Method.java:580)
	at io.cucumber.java.Invoker.doInvoke(Invoker.java:66)
	at io.cucumber.java.Invoker.invoke(Invoker.java:24)
	at io.cucumber.java.AbstractGlueDefinition.invokeMethod(AbstractGlueDefinition.java:47)
	at io.cucumber.java.JavaStepDefinition.execute(JavaStepDefinition.java:29)
	at io.cucumber.core.runner.CoreStepDefinition.execute(CoreStepDefinition.java:66)
	at io.cucumber.core.runner.PickleStepDefinitionMatch.runStep(PickleStepDefinitionMatch.java:63)
	at io.cucumber.core.runner.ExecutionMode$1.execute(ExecutionMode.java:10)
	at io.cucumber.core.runner.TestStep.executeStep(TestStep.java:84)
	at io.cucumber.core.runner.TestStep.run(TestStep.java:56)
	at io.cucumber.core.runner.PickleStepTestStep.run(PickleStepTestStep.java:51)
	at io.cucumber.core.runner.TestCase.run(TestCase.java:84)
	at io.cucumber.core.runner.Runner.runPickle(Runner.java:75)
	at io.cucumber.testng.TestNGCucumberRunner.lambda$runScenario$1(TestNGCucumberRunner.java:132)
	at io.cucumber.core.runtime.CucumberExecutionContext.lambda$runTestCase$5(CucumberExecutionContext.java:137)
	at io.cucumber.core.runtime.RethrowingThrowableCollector.executeAndThrow(RethrowingThrowableCollector.java:23)
	at io.cucumber.core.runtime.CucumberExecutionContext.runTestCase(CucumberExecutionContext.java:137)
	at io.cucumber.testng.TestNGCucumberRunner.runScenario(TestNGCucumberRunner.java:129)
	at io.cucumber.testng.AbstractTestNGCucumberTests.runScenario(AbstractTestNGCucumberTests.java:35)
	at java.base/jdk.internal.reflect.DirectMethodHandleAccessor.invoke(DirectMethodHandleAccessor.java:103)
	at java.base/java.lang.reflect.Method.invoke(Method.java:580)
	at org.testng.internal.invokers.MethodInvocationHelper.invokeMethod(MethodInvocationHelper.java:141)
	at org.testng.internal.invokers.TestInvoker.invokeMethod(TestInvoker.java:686)
	at org.testng.internal.invokers.TestInvoker.invokeTestMethod(TestInvoker.java:230)
	at org.testng.internal.invokers.MethodRunner.runInSequence(MethodRunner.java:63)
	at org.testng.internal.invokers.TestInvoker$MethodInvocationAgent.invoke(TestInvoker.java:992)
	at org.testng.internal.invokers.TestInvoker.invokeTestMethods(TestInvoker.java:203)
	at org.testng.internal.invokers.TestMethodWorker.invokeTestMethods(TestMethodWorker.java:154)
	at org.testng.internal.invokers.TestMethodWorker.run(TestMethodWorker.java:134)
	at java.base/java.util.concurrent.Executors$RunnableAdapter.call(Executors.java:572)
	at java.base/java.util.concurrent.FutureTask.run(FutureTask.java:317)
	at org.testng.internal.thread.graph.TestNGFutureTask.run(TestNGFutureTask.java:22)
	at java.base/java.util.concurrent.ThreadPoolExecutor.runWorker(ThreadPoolExecutor.java:1144)
	at java.base/java.util.concurrent.ThreadPoolExecutor$Worker.run(ThreadPoolExecutor.java:642)
	at java.base/java.lang.Thread.run(Thread.java:1575)
]]></failure>
    <system-out><![CDATA[2024-10-17T02:34:04.297581800Z main ERROR Unable to locate appender "LogFile" for logger config "root"
2024-10-17 03:34:04 [main] DEBUG org.testng.TestNG - suiteXmlPath: "C:\Users\diogo\IdeaProjects\MercedesChallenge\src\test\resources\testng.xml"

Scenario: Filter cars and submit invalid contact details                     &amp#27;[90m# src/test/resources/features/TC1_EnquirePrices.feature:3&amp#27;[0m
2024-10-17 03:34:04 [TestNG-test-ChromeTest-1] INFO  steps.Hooks - Clean past files...
2024-10-17 03:34:04 [TestNG-test-ChromeTest-1] INFO  steps.Hooks - Starting test setup...
2024-10-17 03:34:04 [TestNG-test-ChromeTest-1] DEBUG io.github.bonigarcia.wdm.WebDriverManager - Using WebDriverManager 5.9.2
2024-10-17 03:34:04 [TestNG-test-ChromeTest-1] DEBUG io.github.bonigarcia.wdm.cache.ResolutionCache - Resolution chrome=129 in cache (valid until 04:14:30 17/10/2024 WEST)
2024-10-17 03:34:04 [TestNG-test-ChromeTest-1] DEBUG io.github.bonigarcia.wdm.cache.ResolutionCache - Resolution chrome129=129.0.6668.100 in cache (valid until 20:25:25 17/10/2024 WEST)
2024-10-17 03:34:04 [TestNG-test-ChromeTest-1] INFO  io.github.bonigarcia.wdm.WebDriverManager - Using chromedriver 129.0.6668.100 (resolved driver for Chrome 129)
2024-10-17 03:34:04 [TestNG-test-ChromeTest-1] DEBUG io.github.bonigarcia.wdm.WebDriverManager - Driver chromedriver 129.0.6668.100 found in cache
2024-10-17 03:34:04 [TestNG-test-ChromeTest-1] INFO  io.github.bonigarcia.wdm.WebDriverManager - Exporting webdriver.chrome.driver as C:\Users\diogo\.cache\selenium\chromedriver\win64\129.0.6668.100\chromedriver.exe
2024-10-17 03:34:05 [TestNG-test-ChromeTest-1] INFO  steps.Hooks - Test setup complete. Browser launched and maximized.
2024-10-17 03:34:05 [TestNG-test-ChromeTest-1] INFO  pages.VehicleSearchPage - Initialized VehicleSearchPage.
2024-10-17 03:34:17 [TestNG-test-ChromeTest-1] INFO  pages.VehicleSearchPage - Waiting for Privacy Policy Popup...
2024-10-17 03:34:17 [TestNG-test-ChromeTest-1] INFO  pages.VehicleSearchPage - Accepting privacy policy.
2024-10-17 03:34:17 [TestNG-test-ChromeTest-1] INFO  pages.popups.PrivacyPolicyPopup - Attempting to accept privacy policy...
2024-10-17 03:34:17 [TestNG-test-ChromeTest-1] INFO  pages.popups.PrivacyPolicyPopup - Navigating through shadow DOMs...
2024-10-17 03:34:17 [TestNG-test-ChromeTest-1] INFO  pages.popups.PrivacyPolicyPopup - Waiting for shadow host to be visible...
2024-10-17 03:34:17 [TestNG-test-ChromeTest-1] INFO  pages.popups.PrivacyPolicyPopup - Getting shadow root...
2024-10-17 03:34:17 [TestNG-test-ChromeTest-1] INFO  pages.popups.PrivacyPolicyPopup - Reached final element in shadow DOM.
2024-10-17 03:34:17 [TestNG-test-ChromeTest-1] INFO  pages.popups.PrivacyPolicyPopup - Waiting for shadow host to be visible...
2024-10-17 03:34:17 [TestNG-test-ChromeTest-1] INFO  pages.popups.PrivacyPolicyPopup - Getting shadow root...
2024-10-17 03:34:17 [TestNG-test-ChromeTest-1] INFO  pages.popups.PrivacyPolicyPopup - Waiting for element to be clickable...
2024-10-17 03:34:17 [TestNG-test-ChromeTest-1] INFO  pages.popups.PrivacyPolicyPopup - Forcing click on element...
2024-10-17 03:34:17 [TestNG-test-ChromeTest-1] INFO  pages.popups.PrivacyPolicyPopup - Waiting for element to be visible before scrolling...
2024-10-17 03:34:17 [TestNG-test-ChromeTest-1] INFO  pages.popups.PrivacyPolicyPopup - Scrolling to element...
2024-10-17 03:34:17 [TestNG-test-ChromeTest-1] INFO  pages.popups.PrivacyPolicyPopup - Scroll complete.
2024-10-17 03:34:17 [TestNG-test-ChromeTest-1] INFO  pages.popups.PrivacyPolicyPopup - Click performed successfully.
2024-10-17 03:34:17 [TestNG-test-ChromeTest-1] INFO  pages.popups.PrivacyPolicyPopup - Privacy policy accepted.
  &amp#27;[32mGiven &amp#27;[0m&amp#27;[32mI open the Mercedes-Benz Shop used cars in Australia&amp#27;[0m                 &amp#27;[90m# steps.TC1_EnquirePricesSteps.goToMercedesBenzShop()&amp#27;[0m
2024-10-17 03:34:17 [TestNG-test-ChromeTest-1] INFO  pages.VehicleSearchPage - Waiting for state dropdown to be visible...
2024-10-17 03:34:17 [TestNG-test-ChromeTest-1] INFO  pages.VehicleSearchPage - Selecting state: New South Wales
2024-10-17 03:34:17 [TestNG-test-ChromeTest-1] INFO  pages.VehicleSearchPage - State selected: New South Wales
2024-10-17 03:34:17 [TestNG-test-ChromeTest-1] INFO  pages.VehicleSearchPage - Waiting for postal code field to be visible...
2024-10-17 03:34:17 [TestNG-test-ChromeTest-1] INFO  pages.VehicleSearchPage - Entering postal code: 2007
2024-10-17 03:34:17 [TestNG-test-ChromeTest-1] INFO  pages.VehicleSearchPage - Sending keys slowly...
2024-10-17 03:34:18 [TestNG-test-ChromeTest-1] INFO  pages.VehicleSearchPage - Keys sent successfully.
2024-10-17 03:34:18 [TestNG-test-ChromeTest-1] INFO  pages.VehicleSearchPage - Postal code entered: 2007
2024-10-17 03:34:18 [TestNG-test-ChromeTest-1] INFO  pages.VehicleSearchPage - Waiting for purpose radio buttons...
2024-10-17 03:34:18 [TestNG-test-ChromeTest-1] INFO  pages.VehicleSearchPage - Clicking purpose radio button: Private
2024-10-17 03:34:18 [TestNG-test-ChromeTest-1] INFO  pages.VehicleSearchPage - Private purpose selected.
2024-10-17 03:34:18 [TestNG-test-ChromeTest-1] INFO  pages.VehicleSearchPage - Waiting for continue button to be clickable...
2024-10-17 03:34:18 [TestNG-test-ChromeTest-1] INFO  pages.VehicleSearchPage - Clicking continue button.
  &amp#27;[32mAnd &amp#27;[0m&amp#27;[32mI fill in the location details with:&amp#27;[0m                                   &amp#27;[90m# steps.TC1_EnquirePricesSteps.fillInTheLocationDetails(io.cucumber.datatable.DataTable)&amp#27;[0m
    | State       | New South Wales |
    | Postal Code | 2007            |
    | Purpose     | Private         |
2024-10-17 03:34:18 [TestNG-test-ChromeTest-1] INFO  pages.VehicleSearchPage - Waiting for filter button to be clickable...
2024-10-17 03:34:18 [TestNG-test-ChromeTest-1] INFO  pages.VehicleSearchPage - Clicking filter button.
2024-10-17 03:34:19 [TestNG-test-ChromeTest-1] INFO  pages.VehicleSearchPage - Waiting for Pre-Owned button to be clickable...
2024-10-17 03:34:19 [TestNG-test-ChromeTest-1] INFO  pages.VehicleSearchPage - Clicking Pre-Owned button.
  &amp#27;[32mWhen &amp#27;[0m&amp#27;[32mI click the filter button&amp#27;[0m                                             &amp#27;[90m# steps.TC1_EnquirePricesSteps.clickFilterButton()&amp#27;[0m
2024-10-17 03:34:27 [TestNG-test-ChromeTest-1] INFO  pages.VehicleSearchPage - Waiting for Privacy Policy Popup...
2024-10-17 03:34:27 [TestNG-test-ChromeTest-1] INFO  pages.VehicleSearchPage - Accepting privacy policy.
2024-10-17 03:34:27 [TestNG-test-ChromeTest-1] INFO  pages.popups.PrivacyPolicyPopup - Attempting to accept privacy policy...
2024-10-17 03:34:27 [TestNG-test-ChromeTest-1] INFO  pages.popups.PrivacyPolicyPopup - Navigating through shadow DOMs...
  &amp#27;[31mAnd &amp#27;[0m&amp#27;[31mI apply the following filters:&amp#27;[0m                                         &amp#27;[90m# steps.TC1_EnquirePricesSteps.applyFilters(io.cucumber.datatable.DataTable)&amp#27;[0m
    | Color | Red |
      &amp#27;[31morg.openqa.selenium.TimeoutException: Expected condition failed: waiting for utils.WaitHelper$$Lambda/0x00000220e045ce60@78d8bcb4 (tried for 10 second(s) with 500 milliseconds interval)
	at org.openqa.selenium.support.ui.WebDriverWait.timeoutException(WebDriverWait.java:84)
	at org.openqa.selenium.support.ui.FluentWait.until(FluentWait.java:229)
	at utils.WaitHelper.waitForPageLoad(WaitHelper.java:36)
	at pages.base.BasePage.findNestedShadowDom(BasePage.java:47)
	at pages.popups.PrivacyPolicyPopup.AcceptPrivacyPolicyPopup(PrivacyPolicyPopup.java:19)
	at pages.VehicleSearchPage.clickAcceptPrivacyPolicy(VehicleSearchPage.java:51)
	at steps.TC1_EnquirePricesSteps.applyFilters(TC1_EnquirePricesSteps.java:65)
	at ✽.I apply the following filters:(file:///C:/Users/diogo/IdeaProjects/MercedesChallenge/src/test/resources/features/TC1_EnquirePrices.feature:10)
Caused by: org.openqa.selenium.NoSuchWindowException: no such window: target window already closed
from unknown error: web view not found
  (Session info: chrome=129.0.6668.103)
Build info: version: '4.16.1', revision: '9b4c83354e'
System info: os.name: 'Windows 11', os.arch: 'amd64', os.version: '10.0', java.version: '23'
Driver info: org.openqa.selenium.chrome.ChromeDriver
Command: [94f2c1342f91020cff138f7e9cb2d03d, executeScript {script=return document.readyState, args=[]}]
Capabilities {acceptInsecureCerts: false, browserName: chrome, browserVersion: 129.0.6668.103, chrome: {chromedriverVersion: 129.0.6668.100 (cf58cba358d..., userDataDir: C:\Users\diogo\AppData\Loca...}, fedcm:accounts: true, goog:chromeOptions: {debuggerAddress: localhost:61071}, networkConnectionEnabled: false, pageLoadStrategy: normal, platformName: windows, proxy: Proxy(), se:cdp: ws://localhost:61071/devtoo..., se:cdpVersion: 129.0.6668.103, setWindowRect: true, strictFileInteractability: false, timeouts: {implicit: 0, pageLoad: 300000, script: 30000}, unhandledPromptBehavior: dismiss and notify, webauthn:extension:credBlob: true, webauthn:extension:largeBlob: true, webauthn:extension:minPinLength: true, webauthn:extension:prf: true, webauthn:virtualAuthenticators: true}
Session ID: 94f2c1342f91020cff138f7e9cb2d03d
	at java.base/jdk.internal.reflect.DirectConstructorHandleAccessor.newInstance(DirectConstructorHandleAccessor.java:62)
	at java.base/java.lang.reflect.Constructor.newInstanceWithCaller(Constructor.java:501)
	at java.base/java.lang.reflect.Constructor.newInstance(Constructor.java:485)
	at org.openqa.selenium.remote.codec.w3c.W3CHttpResponseCodec.createException(W3CHttpResponseCodec.java:200)
	at org.openqa.selenium.remote.codec.w3c.W3CHttpResponseCodec.decode(W3CHttpResponseCodec.java:133)
	at org.openqa.selenium.remote.codec.w3c.W3CHttpResponseCodec.decode(W3CHttpResponseCodec.java:52)
	at org.openqa.selenium.remote.HttpCommandExecutor.execute(HttpCommandExecutor.java:191)
	at org.openqa.selenium.remote.service.DriverCommandExecutor.invokeExecute(DriverCommandExecutor.java:200)
	at org.openqa.selenium.remote.service.DriverCommandExecutor.execute(DriverCommandExecutor.java:175)
	at org.openqa.selenium.remote.RemoteWebDriver.execute(RemoteWebDriver.java:523)
	at org.openqa.selenium.remote.RemoteWebDriver.executeScript(RemoteWebDriver.java:468)
	at utils.WaitHelper.lambda$waitForPageLoad$0(WaitHelper.java:36)
	at org.openqa.selenium.support.ui.FluentWait.until(FluentWait.java:204)
	at utils.WaitHelper.waitForPageLoad(WaitHelper.java:36)
	at pages.base.BasePage.findNestedShadowDom(BasePage.java:47)
	at pages.popups.PrivacyPolicyPopup.AcceptPrivacyPolicyPopup(PrivacyPolicyPopup.java:19)
	at pages.VehicleSearchPage.clickAcceptPrivacyPolicy(VehicleSearchPage.java:51)
	at steps.TC1_EnquirePricesSteps.applyFilters(TC1_EnquirePricesSteps.java:65)
	at java.base/jdk.internal.reflect.DirectMethodHandleAccessor.invoke(DirectMethodHandleAccessor.java:103)
	at java.base/java.lang.reflect.Method.invoke(Method.java:580)
	at io.cucumber.java.Invoker.doInvoke(Invoker.java:66)
	at io.cucumber.java.Invoker.invoke(Invoker.java:24)
	at io.cucumber.java.AbstractGlueDefinition.invokeMethod(AbstractGlueDefinition.java:47)
	at io.cucumber.java.JavaStepDefinition.execute(JavaStepDefinition.java:29)
	at io.cucumber.core.runner.CoreStepDefinition.execute(CoreStepDefinition.java:66)
	at io.cucumber.core.runner.PickleStepDefinitionMatch.runStep(PickleStepDefinitionMatch.java:63)
	at io.cucumber.core.runner.ExecutionMode$1.execute(ExecutionMode.java:10)
	at io.cucumber.core.runner.TestStep.executeStep(TestStep.java:84)
	at io.cucumber.core.runner.TestStep.run(TestStep.java:56)
	at io.cucumber.core.runner.PickleStepTestStep.run(PickleStepTestStep.java:51)
	at io.cucumber.core.runner.TestCase.run(TestCase.java:84)
	at io.cucumber.core.runner.Runner.runPickle(Runner.java:75)
	at io.cucumber.testng.TestNGCucumberRunner.lambda$runScenario$1(TestNGCucumberRunner.java:132)
	at io.cucumber.core.runtime.CucumberExecutionContext.lambda$runTestCase$5(CucumberExecutionContext.java:137)
	at io.cucumber.core.runtime.RethrowingThrowableCollector.executeAndThrow(RethrowingThrowableCollector.java:23)
	at io.cucumber.core.runtime.CucumberExecutionContext.runTestCase(CucumberExecutionContext.java:137)
	at io.cucumber.testng.TestNGCucumberRunner.runScenario(TestNGCucumberRunner.java:129)
	at io.cucumber.testng.AbstractTestNGCucumberTests.runScenario(AbstractTestNGCucumberTests.java:35)
	at java.base/jdk.internal.reflect.DirectMethodHandleAccessor.invoke(DirectMethodHandleAccessor.java:103)
	at java.base/java.lang.reflect.Method.invoke(Method.java:580)
	at org.testng.internal.invokers.MethodInvocationHelper.invokeMethod(MethodInvocationHelper.java:141)
	at org.testng.internal.invokers.TestInvoker.invokeMethod(TestInvoker.java:686)
	at org.testng.internal.invokers.TestInvoker.invokeTestMethod(TestInvoker.java:230)
	at org.testng.internal.invokers.MethodRunner.runInSequence(MethodRunner.java:63)
	at org.testng.internal.invokers.TestInvoker$MethodInvocationAgent.invoke(TestInvoker.java:992)
	at org.testng.internal.invokers.TestInvoker.invokeTestMethods(TestInvoker.java:203)
	at org.testng.internal.invokers.TestMethodWorker.invokeTestMethods(TestMethodWorker.java:154)
	at org.testng.internal.invokers.TestMethodWorker.run(TestMethodWorker.java:134)
	at java.base/java.util.concurrent.Executors$RunnableAdapter.call(Executors.java:572)
	at java.base/java.util.concurrent.FutureTask.run(FutureTask.java:317)
	at org.testng.internal.thread.graph.TestNGFutureTask.run(TestNGFutureTask.java:22)
	at java.base/java.util.concurrent.ThreadPoolExecutor.runWorker(ThreadPoolExecutor.java:1144)
	at java.base/java.util.concurrent.ThreadPoolExecutor$Worker.run(ThreadPoolExecutor.java:642)
	at java.base/java.lang.Thread.run(Thread.java:1575)
&amp#27;[0m
  &amp#27;[36mThen &amp#27;[0m&amp#27;[36mI sort by the most expensive cars first&amp#27;[0m                               &amp#27;[90m# steps.TC1_EnquirePricesSteps.SortByMostExpensiveCar(io.cucumber.datatable.DataTable)&amp#27;[0m
    | Sorting | Price: High to Low |
  &amp#27;[36mWhen &amp#27;[0m&amp#27;[36mI navigate to Vehicle Details page&amp#27;[0m                                    &amp#27;[90m# steps.TC1_EnquirePricesSteps.navigateToVehicleDetailsPage()&amp#27;[0m
  &amp#27;[36mThen &amp#27;[0m&amp#27;[36mI can save the vehicle details to a file&amp#27;[0m                              &amp#27;[90m# steps.TC1_EnquirePricesSteps.CanSaveTheFollowingVehicleDetailsPage()&amp#27;[0m
  &amp#27;[36mWhen &amp#27;[0m&amp#27;[36mI click enquire now&amp#27;[0m                                                   &amp#27;[90m# steps.TC1_EnquirePricesSteps.ClickEnquireNow()&amp#27;[0m
  &amp#27;[36mAnd &amp#27;[0m&amp#27;[36mI fill the contact details and Account creation form with invalid data&amp#27;[0m &amp#27;[90m# steps.TC1_EnquirePricesSteps.fillTheContactDetails(io.cucumber.datatable.DataTable)&amp#27;[0m
    | First Name    | John         |
    | Last Name     | Doe          |
    | Postcode      | 2000         |
    | Mobile Number | +61412345678 |
    | E-mail        | 123@123      |
  &amp#27;[36mThen &amp#27;[0m&amp#27;[36mI can´t proceed because one or more details are incorrect&amp#27;[0m             &amp#27;[90m# steps.TC1_EnquirePricesSteps.receiveAMessageThatOneOrMoreFieldsAreIncorrect()&amp#27;[0m
2024-10-17 03:34:37 [TestNG-test-ChromeTest-1] INFO  steps.Hooks - Browser closed.
]]></system-out>
    <system-err><![CDATA[out. 17, 2024 3:34:05 DA MANHÃ org.openqa.selenium.devtools.CdpVersionFinder findNearestMatch
WARNING: Unable to find CDP implementation matching 129
out. 17, 2024 3:34:05 DA MANHÃ org.openqa.selenium.chromium.ChromiumDriver lambda$new$5
WARNING: Unable to find version of CDP to use for 129.0.6668.103. You may need to include a dependency on a specific version of the CDP using something similar to `org.seleniumhq.selenium:selenium-devtools-v86:4.16.1` where the version ("v86") matches the version of the chromium-based browser you're using and the version number of the artifact is the same as Selenium's.
Error clearing file: 
java.io.FileNotFoundException: 
	at java.base/java.io.FileOutputStream.open0(Native Method)
	at java.base/java.io.FileOutputStream.open(FileOutputStream.java:295)
	at java.base/java.io.FileOutputStream.<init>(FileOutputStream.java:237)
	at java.base/java.io.FileOutputStream.<init>(FileOutputStream.java:156)
	at java.base/java.io.FileWriter.<init>(FileWriter.java:84)
	at utils.IOFileHelper.clearFile(IOFileHelper.java:23)
	at steps.Hooks.teardown(Hooks.java:43)
	at java.base/jdk.internal.reflect.DirectMethodHandleAccessor.invoke(DirectMethodHandleAccessor.java:103)
	at java.base/java.lang.reflect.Method.invoke(Method.java:580)
	at io.cucumber.java.Invoker.doInvoke(Invoker.java:66)
	at io.cucumber.java.Invoker.invoke(Invoker.java:24)
	at io.cucumber.java.AbstractGlueDefinition.invokeMethod(AbstractGlueDefinition.java:47)
	at io.cucumber.java.JavaHookDefinition.execute(JavaHookDefinition.java:64)
	at io.cucumber.core.runner.CoreHookDefinition.execute(CoreHookDefinition.java:46)
	at io.cucumber.core.runner.HookDefinitionMatch.runStep(HookDefinitionMatch.java:21)
	at io.cucumber.core.runner.ExecutionMode$1.execute(ExecutionMode.java:10)
	at io.cucumber.core.runner.TestStep.executeStep(TestStep.java:84)
	at io.cucumber.core.runner.TestStep.run(TestStep.java:56)
	at io.cucumber.core.runner.TestCase.run(TestCase.java:90)
	at io.cucumber.core.runner.Runner.runPickle(Runner.java:75)
	at io.cucumber.testng.TestNGCucumberRunner.lambda$runScenario$1(TestNGCucumberRunner.java:132)
	at io.cucumber.core.runtime.CucumberExecutionContext.lambda$runTestCase$5(CucumberExecutionContext.java:137)
	at io.cucumber.core.runtime.RethrowingThrowableCollector.executeAndThrow(RethrowingThrowableCollector.java:23)
	at io.cucumber.core.runtime.CucumberExecutionContext.runTestCase(CucumberExecutionContext.java:137)
	at io.cucumber.testng.TestNGCucumberRunner.runScenario(TestNGCucumberRunner.java:129)
	at io.cucumber.testng.AbstractTestNGCucumberTests.runScenario(AbstractTestNGCucumberTests.java:35)
	at java.base/jdk.internal.reflect.DirectMethodHandleAccessor.invoke(DirectMethodHandleAccessor.java:103)
	at java.base/java.lang.reflect.Method.invoke(Method.java:580)
	at org.testng.internal.invokers.MethodInvocationHelper.invokeMethod(MethodInvocationHelper.java:141)
	at org.testng.internal.invokers.TestInvoker.invokeMethod(TestInvoker.java:686)
	at org.testng.internal.invokers.TestInvoker.invokeTestMethod(TestInvoker.java:230)
	at org.testng.internal.invokers.MethodRunner.runInSequence(MethodRunner.java:63)
	at org.testng.internal.invokers.TestInvoker$MethodInvocationAgent.invoke(TestInvoker.java:992)
	at org.testng.internal.invokers.TestInvoker.invokeTestMethods(TestInvoker.java:203)
	at org.testng.internal.invokers.TestMethodWorker.invokeTestMethods(TestMethodWorker.java:154)
	at org.testng.internal.invokers.TestMethodWorker.run(TestMethodWorker.java:134)
	at java.base/java.util.concurrent.Executors$RunnableAdapter.call(Executors.java:572)
	at java.base/java.util.concurrent.FutureTask.run(FutureTask.java:317)
	at org.testng.internal.thread.graph.TestNGFutureTask.run(TestNGFutureTask.java:22)
	at java.base/java.util.concurrent.ThreadPoolExecutor.runWorker(ThreadPoolExecutor.java:1144)
	at java.base/java.util.concurrent.ThreadPoolExecutor$Worker.run(ThreadPoolExecutor.java:642)
	at java.base/java.lang.Thread.run(Thread.java:1575)
]]></system-err>
  </testcase>
</testsuite>