<?xml version="1.0" encoding="UTF-8"?>
<testng-results ignored="0" total="1" passed="1" failed="0" skipped="0">
  <reporter-output>
  </reporter-output>
  <suite started-at="2024-10-14T11:21:32 WEST" name="Suite" finished-at="2024-10-14T11:21:44 WEST" duration-ms="11850">
    <groups>
      <group name="cucumber">
        <method signature="AbstractTestNGCucumberTests.runScenario(io.cucumber.testng.PickleWrapper,io.cucumber.testng.FeatureWrapper)[pri:0, instance:runner.CucumberTestRunner@574b560f]" name="runScenario" class="io.cucumber.testng.AbstractTestNGCucumberTests"/>
      </group> <!-- cucumber -->
    </groups>
    <test started-at="2024-10-14T11:21:32 WEST" name="Test" finished-at="2024-10-14T11:21:44 WEST" duration-ms="11850">
      <class name="runner.CucumberTestRunner">
        <test-method is-config="true" signature="setUpClass(org.testng.ITestContext)[pri:0, instance:runner.CucumberTestRunner@574b560f]" started-at="2024-10-14T11:21:32 WEST" name="setUpClass" finished-at="2024-10-14T11:21:32 WEST" duration-ms="248" status="PASS">
          <params>
            <param index="0">
              <value>
                <![CDATA[org.testng.TestRunner@5477a1ca]]>
              </value>
            </param>
          </params>
          <reporter-output>
          </reporter-output>
        </test-method> <!-- setUpClass -->
        <test-method signature="runScenario(io.cucumber.testng.PickleWrapper,io.cucumber.testng.FeatureWrapper)[pri:0, instance:runner.CucumberTestRunner@574b560f]" started-at="2024-10-14T11:21:32 WEST" name="runScenario" description="Runs Cucumber Scenarios" data-provider="scenarios" finished-at="2024-10-14T11:21:44 WEST" duration-ms="11567" status="PASS">
          <params>
            <param index="0">
              <value>
                <![CDATA["Validate the negative path of enquiring the highest price at Mercedes-Benz"]]>
              </value>
            </param>
            <param index="1">
              <value>
                <![CDATA["Validate the negative path of enquiring the highest price at Mercedes-Benz"]]>
              </value>
            </param>
          </params>
          <reporter-output>
          </reporter-output>
        </test-method> <!-- runScenario -->
        <test-method is-config="true" signature="tearDownClass()[pri:0, instance:runner.CucumberTestRunner@574b560f]" started-at="2024-10-14T11:21:44 WEST" name="tearDownClass" finished-at="2024-10-14T11:21:44 WEST" duration-ms="16" status="PASS">
          <reporter-output>
          </reporter-output>
        </test-method> <!-- tearDownClass -->
      </class> <!-- runner.CucumberTestRunner -->
    </test> <!-- Test -->
  </suite> <!-- Suite -->
</testng-results>
